2026-07-06 11:02:19,714 [INFO] telegram.ext.Application: Application started
2026-07-06 11:03:15,510 [INFO] telegram.ext.Application: Application is stopping. This might take a moment.
2026-07-06 11:03:15,510 [INFO] telegram.ext.Application: Application.stop() complete
🌙 指月 bot 啟動中…
   Model: mimo-v2.5
   API:   https://opencode.ai/zen/go/v1
✅ Bot 已啟動，按 Ctrl+C 停止
2026-07-06 11:03:17,044 [INFO] telegram.ext.Application: Application started
2026-07-06 11:03:31,930 [INFO] telegram.ext.Application: Application is stopping. This might take a moment.
2026-07-06 11:03:31,930 [INFO] telegram.ext.Application: Application.stop() complete
🌙 指月 bot 啟動中…
   Model: mimo-v2.5
   API:   https://opencode.ai/zen/go/v1
✅ Bot 已啟動，按 Ctrl+C 停止
2026-07-06 11:03:33,307 [INFO] telegram.ext.Application: Application started
2026-07-06 11:06:47,622 [INFO] telegram.ext.Application: Application is stopping. This might take a moment.
2026-07-06 11:06:47,623 [INFO] telegram.ext.Application: Application.stop() complete
🌙 指月 bot 啟動中…
   Model: mimo-v2.5
   API:   https://opencode.ai/zen/go/v1
✅ Bot 已啟動，按 Ctrl+C 停止
